tcpdump: listening on eno2, link-type EN10MB (Ethernet), capture size 128 bytes
tcpdump: listening on eno2, link-type EN10MB (Ethernet), capture size 128 bytes
tcpdump: listening on eno2, link-type EN10MB (Ethernet), capture size 128 bytes
tcpdump: listening on eno2, link-type EN10MB (Ethernet), capture size 128 bytes
/home/rn-fellow/miniconda3/lib/python3.11/site-packages/torchvision/models/_utils.py:208: UserWarning: The parameter 'pretrained' is deprecated since 0.13 and may be removed in the future, please use 'weights' instead.
  warnings.warn(
/home/rn-fellow/miniconda3/lib/python3.11/site-packages/torchvision/models/_utils.py:223: UserWarning: Arguments other than a weight enum or `None` for 'weights' are deprecated since 0.13 and may be removed in the future. The current behavior is equivalent to passing `weights=None`.
  warnings.warn(msg)
samples_per_sec: 0.0000
samples_per_sec: 0.0000
samples_per_sec: 0.0000
samples_per_sec: 0.0000
samples_per_sec: 0.0000
samples_per_sec: 0.0000
samples_per_sec: 0.0000
samples_per_sec: 0.0000
samples_per_sec: 0.0000
214036 packets captured99877 packets captured43096 packets captured119261 packets captured



214036 packets received by filter119261 packets received by filter99877 packets received by filter43096 packets received by filter



0 packets dropped by kernel0 packets dropped by kernel0 packets dropped by kernel0 packets dropped by kernel



tcpdump: listening on eno2, link-type EN10MB (Ethernet), capture size 128 bytes
tcpdump: listening on eno2, link-type EN10MB (Ethernet), capture size 128 bytes
tcpdump: listening on eno2, link-type EN10MB (Ethernet), capture size 128 bytes
tcpdump: listening on eno2, link-type EN10MB (Ethernet), capture size 128 bytes
/home/rn-fellow/miniconda3/lib/python3.11/site-packages/torchvision/models/_utils.py:208: UserWarning: The parameter 'pretrained' is deprecated since 0.13 and may be removed in the future, please use 'weights' instead.
  warnings.warn(
/home/rn-fellow/miniconda3/lib/python3.11/site-packages/torchvision/models/_utils.py:223: UserWarning: Arguments other than a weight enum or `None` for 'weights' are deprecated since 0.13 and may be removed in the future. The current behavior is equivalent to passing `weights=None`.
  warnings.warn(msg)
samples_per_sec: 0.0000
samples_per_sec: 0.0000
samples_per_sec: 0.0000
samples_per_sec: 0.0000
samples_per_sec: 0.0000
samples_per_sec: 0.0000
samples_per_sec: 0.0000
samples_per_sec: 0.0000
samples_per_sec: 0.0000
samples_per_sec: 0.0000
samples_per_sec: 0.0000
samples_per_sec: 0.0000
samples_per_sec: 0.0000
samples_per_sec: 0.0000
samples_per_sec: 0.0000
samples_per_sec: 0.0000
samples_per_sec: 0.0000
samples_per_sec: 0.0000
samples_per_sec: 0.0000
samples_per_sec: 0.0000
samples_per_sec: 0.0000
samples_per_sec: 0.0000
samples_per_sec: 0.0000
samples_per_sec: 0.0000
samples_per_sec: 0.0000
samples_per_sec: 0.0000
samples_per_sec: 0.0000
samples_per_sec: 0.0000
samples_per_sec: 0.0000
samples_per_sec: 0.0000
samples_per_sec: 0.0000
samples_per_sec: 0.0000
samples_per_sec: 0.0000
samples_per_sec: 0.0000
samples_per_sec: 0.0000
samples_per_sec: 0.0000
samples_per_sec: 0.0000
samples_per_sec: 0.0000
samples_per_sec: 0.0000
samples_per_sec: 0.0000
samples_per_sec: 0.0000
samples_per_sec: 0.0000
samples_per_sec: 0.0000
samples_per_sec: 0.0000
samples_per_sec: 0.0000
samples_per_sec: 0.0000
samples_per_sec: 0.0000
samples_per_sec: 0.0000
samples_per_sec: 0.0000
samples_per_sec: 0.0000
samples_per_sec: 0.0000
samples_per_sec: 0.0000
samples_per_sec: 0.0000
samples_per_sec: 0.0000
samples_per_sec: 0.0000
samples_per_sec: 0.0000
samples_per_sec: 0.0000
samples_per_sec: 0.0000
samples_per_sec: 0.0000
samples_per_sec: 0.0000
samples_per_sec: 0.0000
samples_per_sec: 0.0000
samples_per_sec: 0.0000
samples_per_sec: 0.0000
samples_per_sec: 0.0000
samples_per_sec: 0.0000
samples_per_sec: 0.0000
samples_per_sec: 0.0000
samples_per_sec: 0.0000
samples_per_sec: 0.0000
samples_per_sec: 0.0000
samples_per_sec: 0.0000
samples_per_sec: 0.0000
samples_per_sec: 0.0000
samples_per_sec: 0.0000
samples_per_sec: 0.0000
samples_per_sec: 0.0000
samples_per_sec: 0.0000
samples_per_sec: 0.0000
samples_per_sec: 0.0000
samples_per_sec: 0.0000
samples_per_sec: 0.0000
samples_per_sec: 0.0000
samples_per_sec: 0.0000
samples_per_sec: 0.0000
samples_per_sec: 0.0000
samples_per_sec: 0.0000
samples_per_sec: 0.0000
samples_per_sec: 0.0000
samples_per_sec: 0.0000
samples_per_sec: 0.0000
samples_per_sec: 0.0000
samples_per_sec: 0.0000
samples_per_sec: 0.0000
samples_per_sec: 0.0000
samples_per_sec: 0.0000
samples_per_sec: 0.0000
samples_per_sec: 0.0000
samples_per_sec: 0.0000
tcpdump: listening on eno2, link-type EN10MB (Ethernet), capture size 128 bytes
tcpdump: listening on eno2, link-type EN10MB (Ethernet), capture size 128 bytes
tcpdump: listening on eno2, link-type EN10MB (Ethernet), capture size 128 bytes
tcpdump: listening on eno2, link-type EN10MB (Ethernet), capture size 128 bytes
/home/rn-fellow/miniconda3/lib/python3.11/site-packages/torchvision/models/_utils.py:208: UserWarning: The parameter 'pretrained' is deprecated since 0.13 and may be removed in the future, please use 'weights' instead.
  warnings.warn(
/home/rn-fellow/miniconda3/lib/python3.11/site-packages/torchvision/models/_utils.py:223: UserWarning: Arguments other than a weight enum or `None` for 'weights' are deprecated since 0.13 and may be removed in the future. The current behavior is equivalent to passing `weights=None`.
  warnings.warn(msg)
samples_per_sec: 0.0000
samples_per_sec: 0.0000
samples_per_sec: 0.0000
samples_per_sec: 0.0000
samples_per_sec: 0.0000
samples_per_sec: 0.0000
samples_per_sec: 0.0000
samples_per_sec: 0.0000
samples_per_sec: 0.0000
samples_per_sec: 0.0000
samples_per_sec: 0.0000
samples_per_sec: 0.0000
samples_per_sec: 0.0000
samples_per_sec: 0.0000
samples_per_sec: 0.0000
samples_per_sec: 0.0000
samples_per_sec: 0.0000
samples_per_sec: 0.0000
samples_per_sec: 0.0000
samples_per_sec: 0.0000
samples_per_sec: 0.0000
samples_per_sec: 0.0000
samples_per_sec: 0.0000
samples_per_sec: 0.0000
samples_per_sec: 0.0000
samples_per_sec: 0.0000
samples_per_sec: 0.0000
samples_per_sec: 0.0000
samples_per_sec: 0.0000
samples_per_sec: 0.0000
samples_per_sec: 0.0000
samples_per_sec: 0.0000
samples_per_sec: 0.0000
samples_per_sec: 0.0000
samples_per_sec: 0.0000
samples_per_sec: 0.0000
samples_per_sec: 0.0000
samples_per_sec: 0.0000
samples_per_sec: 0.0000
samples_per_sec: 0.0000
samples_per_sec: 0.0000
samples_per_sec: 0.0000
samples_per_sec: 0.0000
samples_per_sec: 0.0000
samples_per_sec: 0.0000
samples_per_sec: 0.0000
samples_per_sec: 0.0000
samples_per_sec: 0.0000
samples_per_sec: 0.0000
samples_per_sec: 0.0000
samples_per_sec: 0.0000
samples_per_sec: 0.0000
samples_per_sec: 0.0000
samples_per_sec: 0.0000
samples_per_sec: 0.0000
samples_per_sec: 0.0000
samples_per_sec: 0.0000
samples_per_sec: 0.0000
samples_per_sec: 0.0000
samples_per_sec: 0.0000
samples_per_sec: 0.0000
samples_per_sec: 0.0000
samples_per_sec: 0.0000
samples_per_sec: 0.0000
samples_per_sec: 0.0000
samples_per_sec: 0.0000
samples_per_sec: 0.0000
samples_per_sec: 0.0000
samples_per_sec: 0.0000
samples_per_sec: 0.0000
samples_per_sec: 0.0000
samples_per_sec: 0.0000
samples_per_sec: 0.0000
samples_per_sec: 0.0000
samples_per_sec: 0.0000
samples_per_sec: 0.0000
samples_per_sec: 0.0000
samples_per_sec: 0.0000
samples_per_sec: 0.0000
samples_per_sec: 0.0000
samples_per_sec: 0.0000
samples_per_sec: 0.0000
samples_per_sec: 0.0000
samples_per_sec: 0.0000
samples_per_sec: 0.0000
samples_per_sec: 0.0000
samples_per_sec: 0.0000
samples_per_sec: 0.0000
samples_per_sec: 0.0000
samples_per_sec: 0.0000
samples_per_sec: 0.0000
samples_per_sec: 0.0000
samples_per_sec: 0.0000
samples_per_sec: 0.0000
samples_per_sec: 0.0000
samples_per_sec: 0.0000
samples_per_sec: 0.0000
samples_per_sec: 0.0000
samples_per_sec: 0.0000
1480908 packets captured2147994 packets captured990827 packets captured535827 packets captured



1480908 packets received by filter2147994 packets received by filter990827 packets received by filter535828 packets received by filter



0 packets dropped by kernel0 packets dropped by kernel0 packets dropped by kernel0 packets dropped by kernel



tcpdump: listening on eno2, link-type EN10MB (Ethernet), capture size 128 bytes
tcpdump: listening on eno2, link-type EN10MB (Ethernet), capture size 128 bytes
tcpdump: listening on eno2, link-type EN10MB (Ethernet), capture size 128 bytes
tcpdump: listening on eno2, link-type EN10MB (Ethernet), capture size 128 bytes
/home/rn-fellow/miniconda3/lib/python3.11/site-packages/torchvision/models/_utils.py:208: UserWarning: The parameter 'pretrained' is deprecated since 0.13 and may be removed in the future, please use 'weights' instead.
  warnings.warn(
/home/rn-fellow/miniconda3/lib/python3.11/site-packages/torchvision/models/_utils.py:223: UserWarning: Arguments other than a weight enum or `None` for 'weights' are deprecated since 0.13 and may be removed in the future. The current behavior is equivalent to passing `weights=None`.
  warnings.warn(msg)
samples_per_sec: 0.0000
samples_per_sec: 0.0000
samples_per_sec: 0.0000
samples_per_sec: 0.0000
samples_per_sec: 0.0000
samples_per_sec: 0.0000
samples_per_sec: 0.0000
samples_per_sec: 0.0000
samples_per_sec: 0.0000
samples_per_sec: 0.0000
samples_per_sec: 0.0000
samples_per_sec: 0.0000
samples_per_sec: 0.0000
samples_per_sec: 0.0000
samples_per_sec: 0.0000
samples_per_sec: 0.0000
samples_per_sec: 0.0000
samples_per_sec: 0.0000
samples_per_sec: 0.0000
samples_per_sec: 0.0000
samples_per_sec: 0.0000
samples_per_sec: 0.0000
samples_per_sec: 0.0000
samples_per_sec: 0.0000
samples_per_sec: 0.0000
samples_per_sec: 0.0000
samples_per_sec: 0.0000
samples_per_sec: 0.0000
samples_per_sec: 0.0000
samples_per_sec: 0.0000
samples_per_sec: 0.0000
samples_per_sec: 0.0000
samples_per_sec: 0.0000
samples_per_sec: 0.0000
samples_per_sec: 0.0000
samples_per_sec: 0.0000
samples_per_sec: 0.0000
samples_per_sec: 0.0000
samples_per_sec: 0.0000
samples_per_sec: 0.0000
samples_per_sec: 0.0000
samples_per_sec: 0.0000
samples_per_sec: 0.0000
samples_per_sec: 0.0000
samples_per_sec: 0.0000
samples_per_sec: 0.0000
samples_per_sec: 0.0000
samples_per_sec: 0.0000
samples_per_sec: 0.0000
samples_per_sec: 0.0000
samples_per_sec: 0.0000
samples_per_sec: 0.0000
samples_per_sec: 0.0000
samples_per_sec: 0.0000
samples_per_sec: 0.0000
samples_per_sec: 0.0000
samples_per_sec: 0.0000
samples_per_sec: 0.0000
samples_per_sec: 0.0000
samples_per_sec: 0.0000
samples_per_sec: 0.0000
samples_per_sec: 0.0000
samples_per_sec: 0.0000
samples_per_sec: 0.0000
samples_per_sec: 0.0000
samples_per_sec: 0.0000
samples_per_sec: 0.0000
samples_per_sec: 0.0000
samples_per_sec: 0.0000
samples_per_sec: 0.0000
samples_per_sec: 0.0000
samples_per_sec: 0.0000
samples_per_sec: 0.0000
samples_per_sec: 0.0000
samples_per_sec: 0.0000
samples_per_sec: 0.0000
samples_per_sec: 0.0000
samples_per_sec: 0.0000
samples_per_sec: 0.0000
samples_per_sec: 0.0000
samples_per_sec: 0.0000
samples_per_sec: 0.0000
samples_per_sec: 0.0000
samples_per_sec: 0.0000
samples_per_sec: 0.0000
samples_per_sec: 0.0000
samples_per_sec: 0.0000
samples_per_sec: 0.0000
samples_per_sec: 0.0000
samples_per_sec: 0.0000
samples_per_sec: 0.0000
samples_per_sec: 0.0000
samples_per_sec: 0.0000
samples_per_sec: 0.0000
samples_per_sec: 0.0000
samples_per_sec: 0.0000
samples_per_sec: 0.0000
samples_per_sec: 0.0000
samples_per_sec: 0.0000
